<?xml version="1.0" encoding="UTF-8"?>
<!-- Generated by org.testng.reporters.JUnitXMLReporter -->
<testsuite hostname="DESKTOP-2IFG6LI" ignored="0" name="Default test(failed)" tests="1" failures="1" timestamp="2020-12-13T18:08:14 PST" time="2.788" errors="0">
  <testcase name="Google" time="2.709" classname="com.hrms.testscripts.Testcase_001">
    <failure type="org.openqa.selenium.SessionNotCreatedException" message="session not created: This version of ChromeDriver only supports Chrome version 85
Build info: version: &amp;apos;3.141.59&amp;apos;, revision: &amp;apos;e82be7d358&amp;apos;, time: &amp;apos;2018-11-14T08:25:53&amp;apos;
System info: host: &amp;apos;DESKTOP-2IFG6LI&amp;apos;, ip: &amp;apos;192.168.225.70&amp;apos;, os.name: &amp;apos;Windows 10&amp;apos;, os.arch: &amp;apos;amd64&amp;apos;, os.version: &amp;apos;10.0&amp;apos;, java.version: &amp;apos;1.8.0_261&amp;apos;
Driver info: driver.version: ChromeDriver
remote stacktrace: Backtrace:
	Ordinal0 [0x00F5D383+3134339]
	Ordinal0 [0x00E4A171+2007409]
	Ordinal0 [0x00CEAEE8+569064]
	Ordinal0 [0x00C7139F+70559]
	Ordinal0 [0x00C6CC63+52323]
	Ordinal0 [0x00C90DFC+200188]
	Ordinal0 [0x00C90C1D+199709]
	Ordinal0 [0x00C8EB0B+191243]
	Ordinal0 [0x00C72E77+77431]
	Ordinal0 [0x00C73E3E+81470]
	Ordinal0 [0x00C73DC9+81353]
	Ordinal0 [0x00E60CD9+2100441]
	GetHandleVerifier [0x010CB75A+1396954]
	GetHandleVerifier [0x010CB3D9+1396057]
	GetHandleVerifier [0x010D7126+1444518]
	GetHandleVerifier [0x010CBCE8+1398376]
	Ordinal0 [0x00E57F51+2064209]
	Ordinal0 [0x00E622EB+2106091]
	Ordinal0 [0x00E62411+2106385]
	Ordinal0 [0x00E749C4+2181572]
	BaseThreadInitThunk [0x745E38F4+36]
	RtlUnicodeStringToInteger [0x77505DE3+595]
	RtlUnicodeStringToInteger [0x77505DAE+542]
">
      <![CDATA[org.openqa.selenium.SessionNotCreatedException: session not created: This version of ChromeDriver only supports Chrome version 85
Build info: version: '3.141.59', revision: 'e82be7d358', time: '2018-11-14T08:25:53'
System info: host: 'DESKTOP-2IFG6LI', ip: '192.168.225.70', os.name: 'Windows 10', os.arch: 'amd64', os.version: '10.0', java.version: '1.8.0_261'
Driver info: driver.version: ChromeDriver
remote stacktrace: Backtrace:
Ordinal0 [0x00F5D383+3134339]
Ordinal0 [0x00E4A171+2007409]
Ordinal0 [0x00CEAEE8+569064]
Ordinal0 [0x00C7139F+70559]
Ordinal0 [0x00C6CC63+52323]
Ordinal0 [0x00C90DFC+200188]
Ordinal0 [0x00C90C1D+199709]
Ordinal0 [0x00C8EB0B+191243]
Ordinal0 [0x00C72E77+77431]
Ordinal0 [0x00C73E3E+81470]
Ordinal0 [0x00C73DC9+81353]
Ordinal0 [0x00E60CD9+2100441]
GetHandleVerifier [0x010CB75A+1396954]
GetHandleVerifier [0x010CB3D9+1396057]
GetHandleVerifier [0x010D7126+1444518]
GetHandleVerifier [0x010CBCE8+1398376]
Ordinal0 [0x00E57F51+2064209]
Ordinal0 [0x00E622EB+2106091]
Ordinal0 [0x00E62411+2106385]
Ordinal0 [0x00E749C4+2181572]
BaseThreadInitThunk [0x745E38F4+36]
RtlUnicodeStringToInteger [0x77505DE3+595]
RtlUnicodeStringToInteger [0x77505DAE+542]

at org.openqa.selenium.remote.W3CHandshakeResponse.lambda$errorHandler$0(W3CHandshakeResponse.java:62)
at org.openqa.selenium.remote.HandshakeResponse.lambda$getResponseFunction$0(HandshakeResponse.java:30)
at org.openqa.selenium.remote.ProtocolHandshake.lambda$createSession$0(ProtocolHandshake.java:126)
at java.util.stream.ReferencePipeline$3$1.accept(Unknown Source)
at java.util.Spliterators$ArraySpliterator.tryAdvance(Unknown Source)
at java.util.stream.ReferencePipeline.forEachWithCancel(Unknown Source)
at java.util.stream.AbstractPipeline.copyIntoWithCancel(Unknown Source)
at java.util.stream.AbstractPipeline.copyInto(Unknown Source)
at java.util.stream.AbstractPipeline.wrapAndCopyInto(Unknown Source)
at java.util.stream.FindOps$FindOp.evaluateSequential(Unknown Source)
at java.util.stream.AbstractPipeline.evaluate(Unknown Source)
at java.util.stream.ReferencePipeline.findFirst(Unknown Source)
at org.openqa.selenium.remote.ProtocolHandshake.createSession(ProtocolHandshake.java:128)
at org.openqa.selenium.remote.ProtocolHandshake.createSession(ProtocolHandshake.java:74)
at org.openqa.selenium.remote.HttpCommandExecutor.execute(HttpCommandExecutor.java:136)
at org.openqa.selenium.remote.service.DriverCommandExecutor.execute(DriverCommandExecutor.java:83)
at org.openqa.selenium.remote.RemoteWebDriver.execute(RemoteWebDriver.java:552)
at org.openqa.selenium.remote.RemoteWebDriver.startSession(RemoteWebDriver.java:213)
at org.openqa.selenium.remote.RemoteWebDriver.<init>(RemoteWebDriver.java:131)
at org.openqa.selenium.chrome.ChromeDriver.<init>(ChromeDriver.java:181)
at org.openqa.selenium.chrome.ChromeDriver.<init>(ChromeDriver.java:168)
at org.openqa.selenium.chrome.ChromeDriver.<init>(ChromeDriver.java:123)
at com.hrms.lib.General.OpenApp(General.java:11)
at com.hrms.testscripts.Testcase_001.Google(Testcase_001.java:14)
at java.util.ArrayList.forEach(Unknown Source)
... Removed 31 stack frames]]>
    </failure>
  </testcase> <!-- Google -->
</testsuite> <!-- Default test(failed) -->
